2019-11-27 10:39:32,856 - root - INFO - ==========Run testcases of whole project===========
2019-11-27 10:39:35,015 - root - INFO - ==========Start to run testcases===========
2019-11-27 10:39:35,015 - root - INFO - ----------------------------------------------------------------------------------<selenium.webdriver.firefox.webdriver.WebDriver (session="8966d6ed-2c5f-7f4c-bcc7-60a8769a5704")>
2019-11-27 10:39:35,805 - root - INFO -  Run test_login_success testcase 
2019-11-27 10:39:35,806 - root - INFO -  run login testcase 
2019-11-27 10:39:35,807 - root - INFO - GUI login,web element:('xpath', '//*[@id="dijit_form_ValidationTextBox_0"]') value superuser
2019-11-27 10:39:35,859 - root - INFO - GUI login,waiting element:('xpath', '//*[@id="dijit_form_ValidationTextBox_0"]'):，cost time 0s 
2019-11-27 10:39:35,859 - root - INFO - GUI login,search web element:('xpath', '//*[@id="dijit_form_ValidationTextBox_0"]')
2019-11-27 10:39:35,880 - root - INFO - GUI login,waiting element:('xpath', '//*[@id="dijit_form_ValidationTextBox_0"]'):，cost time 0s 
2019-11-27 10:39:35,916 - root - INFO - GUI login,web element:('xpath', '//*[@id="dijit_form_ValidationTextBox_1"]') value passw0rd
2019-11-27 10:39:35,935 - root - INFO - GUI login,waiting element:('xpath', '//*[@id="dijit_form_ValidationTextBox_1"]'):，cost time 0s 
2019-11-27 10:39:35,936 - root - INFO - GUI login,search web element:('xpath', '//*[@id="dijit_form_ValidationTextBox_1"]')
2019-11-27 10:39:35,954 - root - INFO - GUI login,waiting element:('xpath', '//*[@id="dijit_form_ValidationTextBox_1"]'):，cost time 0s 
2019-11-27 10:39:36,008 - root - INFO - ,waiting element:('xpath', '//*[@id="dijit_form_Button_0"]'):，cost time 0s 
2019-11-27 10:39:36,008 - root - INFO - GUI login,click web element:('xpath', '//*[@id="dijit_form_Button_0"]')
2019-11-27 10:39:36,009 - root - INFO - GUI login,search web element:('xpath', '//*[@id="dijit_form_Button_0"]')
2019-11-27 10:39:36,026 - root - INFO - GUI login,waiting element:('xpath', '//*[@id="dijit_form_Button_0"]'):，cost time 0s 
2019-11-27 10:39:41,252 - root - INFO -  Test done test_login_success testcase， result --- PASS 
2019-11-27 10:39:41,424 - root - INFO - login success-passed take screenshot done，file path: login success-passed
2019-11-27 10:39:44,973 - root - INFO - ==========Run testcases done===========
2019-11-27 10:39:46,400 - root - INFO - ==========Finish testcases of the project===========
2019-11-27 10:44:22,331 - root - INFO - ==========Run testcases of whole project===========
2019-11-27 10:44:24,479 - root - INFO - ==========Start to run testcases===========
2019-11-27 10:44:24,480 - root - INFO - ----------------------------------------------------------------------------------<selenium.webdriver.firefox.webdriver.WebDriver (session="0cac34d7-81f9-0c46-9512-d821f43fdb32")>
2019-11-27 10:44:25,368 - root - INFO -  Run test_login_success testcase 
2019-11-27 10:44:25,368 - root - INFO -  run login testcase 
2019-11-27 10:44:25,369 - root - INFO - GUI login,web element:('xpath', '//*[@id="dijit_form_ValidationTextBox_0"]') value superuser
2019-11-27 10:44:25,404 - root - INFO - GUI login,waiting element:('xpath', '//*[@id="dijit_form_ValidationTextBox_0"]'):，cost time 0s 
2019-11-27 10:44:25,405 - root - INFO - GUI login,search web element:('xpath', '//*[@id="dijit_form_ValidationTextBox_0"]')
2019-11-27 10:44:25,439 - root - INFO - GUI login,waiting element:('xpath', '//*[@id="dijit_form_ValidationTextBox_0"]'):，cost time 0s 
2019-11-27 10:44:25,474 - root - INFO - GUI login,web element:('xpath', '//*[@id="dijit_form_ValidationTextBox_1"]') value passw0rd
2019-11-27 10:44:25,493 - root - INFO - GUI login,waiting element:('xpath', '//*[@id="dijit_form_ValidationTextBox_1"]'):，cost time 0s 
2019-11-27 10:44:25,493 - root - INFO - GUI login,search web element:('xpath', '//*[@id="dijit_form_ValidationTextBox_1"]')
2019-11-27 10:44:25,511 - root - INFO - GUI login,waiting element:('xpath', '//*[@id="dijit_form_ValidationTextBox_1"]'):，cost time 0s 
2019-11-27 10:44:25,563 - root - INFO - ,waiting element:('xpath', '//*[@id="dijit_form_Button_0"]'):，cost time 0s 
2019-11-27 10:44:25,564 - root - INFO - GUI login,click web element:('xpath', '//*[@id="dijit_form_Button_0"]')
2019-11-27 10:44:25,564 - root - INFO - GUI login,search web element:('xpath', '//*[@id="dijit_form_Button_0"]')
2019-11-27 10:44:25,582 - root - INFO - GUI login,waiting element:('xpath', '//*[@id="dijit_form_Button_0"]'):，cost time 0s 
2019-11-27 10:44:30,811 - root - INFO -  Test done test_login_success testcase， result --- PASS 
2019-11-27 10:44:30,981 - root - INFO - login success-passed take screenshot done，file path: login success-passed
2019-11-27 10:44:30,983 - root - INFO - ==========Run testcases done===========
2019-11-27 10:44:32,547 - root - INFO - ==========Finish testcases of the project===========
2019-11-27 10:54:52,813 - root - INFO - ==========Run testcases of whole project===========
2019-11-27 10:54:54,977 - root - INFO - ==========Start to run testcases===========
2019-11-27 10:54:54,977 - root - INFO - ----------------------------------------------------------------------------------<selenium.webdriver.firefox.webdriver.WebDriver (session="a81b0732-4f52-e944-9406-cf2964beb4b5")>
2019-11-27 10:54:58,511 - root - INFO -  Run test_login_success testcase 
2019-11-27 10:54:58,511 - root - INFO -  run login testcase 
2019-11-27 10:54:58,512 - root - INFO - GUI login,web element:('xpath', '//*[@id="dijit_form_ValidationTextBox_0"]') value superuser
2019-11-27 10:54:58,556 - root - INFO - GUI login,waiting element:('xpath', '//*[@id="dijit_form_ValidationTextBox_0"]'):，cost time 0s 
2019-11-27 10:54:58,556 - root - INFO - GUI login,search web element:('xpath', '//*[@id="dijit_form_ValidationTextBox_0"]')
2019-11-27 10:54:58,575 - root - INFO - GUI login,waiting element:('xpath', '//*[@id="dijit_form_ValidationTextBox_0"]'):，cost time 0s 
2019-11-27 10:54:58,610 - root - INFO - GUI login,web element:('xpath', '//*[@id="dijit_form_ValidationTextBox_1"]') value passw0rd
2019-11-27 10:54:58,630 - root - INFO - GUI login,waiting element:('xpath', '//*[@id="dijit_form_ValidationTextBox_1"]'):，cost time 0s 
2019-11-27 10:54:58,631 - root - INFO - GUI login,search web element:('xpath', '//*[@id="dijit_form_ValidationTextBox_1"]')
2019-11-27 10:54:58,649 - root - INFO - GUI login,waiting element:('xpath', '//*[@id="dijit_form_ValidationTextBox_1"]'):，cost time 0s 
2019-11-27 10:54:58,701 - root - INFO - ,waiting element:('xpath', '//*[@id="dijit_form_Button_0"]'):，cost time 0s 
2019-11-27 10:54:58,702 - root - INFO - GUI login,click web element:('xpath', '//*[@id="dijit_form_Button_0"]')
2019-11-27 10:54:58,703 - root - INFO - GUI login,search web element:('xpath', '//*[@id="dijit_form_Button_0"]')
2019-11-27 10:54:58,724 - root - INFO - GUI login,waiting element:('xpath', '//*[@id="dijit_form_Button_0"]'):，cost time 0s 
2019-11-27 10:55:03,952 - root - INFO -  Test done test_login_success testcase， result --- PASS 
2019-11-27 10:55:04,078 - root - INFO - login success-passed take screenshot done，file path: login success-passed
2019-11-27 10:55:04,079 - root - INFO - ==========Run testcases done===========
2019-11-27 10:55:05,506 - root - INFO - ==========Finish testcases of the project===========
2019-11-27 10:59:17,133 - root - INFO - ==========Run testcases of whole project===========
2019-11-27 10:59:19,292 - root - INFO - ==========Start to run testcases===========
2019-11-27 10:59:19,293 - root - INFO - ----------------------------------------------------------------------------------<selenium.webdriver.firefox.webdriver.WebDriver (session="64c7ca65-2a34-954a-8a01-3ca56365aca8")>
2019-11-27 10:59:20,258 - root - INFO -  Run test_login_success testcase 
2019-11-27 10:59:20,258 - root - INFO -  run login testcase 
2019-11-27 10:59:20,258 - root - INFO - GUI login,web element:('xpath', '//*[@id="dijit_form_ValidationTextBox_0"]') value superuser
2019-11-27 10:59:20,298 - root - INFO - GUI login,waiting element:('xpath', '//*[@id="dijit_form_ValidationTextBox_0"]'):，cost time 0s 
2019-11-27 10:59:20,298 - root - INFO - GUI login,search web element:('xpath', '//*[@id="dijit_form_ValidationTextBox_0"]')
2019-11-27 10:59:20,333 - root - INFO - GUI login,waiting element:('xpath', '//*[@id="dijit_form_ValidationTextBox_0"]'):，cost time 0s 
2019-11-27 10:59:20,368 - root - INFO - GUI login,web element:('xpath', '//*[@id="dijit_form_ValidationTextBox_1"]') value passw0rd
2019-11-27 10:59:20,389 - root - INFO - GUI login,waiting element:('xpath', '//*[@id="dijit_form_ValidationTextBox_1"]'):，cost time 0s 
2019-11-27 10:59:20,390 - root - INFO - GUI login,search web element:('xpath', '//*[@id="dijit_form_ValidationTextBox_1"]')
2019-11-27 10:59:20,408 - root - INFO - GUI login,waiting element:('xpath', '//*[@id="dijit_form_ValidationTextBox_1"]'):，cost time 0s 
2019-11-27 10:59:20,461 - root - INFO - ,waiting element:('xpath', '//*[@id="dijit_form_Button_0"]'):，cost time 0s 
2019-11-27 10:59:20,462 - root - INFO - GUI login,click web element:('xpath', '//*[@id="dijit_form_Button_0"]')
2019-11-27 10:59:20,462 - root - INFO - GUI login,search web element:('xpath', '//*[@id="dijit_form_Button_0"]')
2019-11-27 10:59:20,480 - root - INFO - GUI login,waiting element:('xpath', '//*[@id="dijit_form_Button_0"]'):，cost time 0s 
2019-11-27 10:59:28,555 - root - INFO -  Test done test_login_success testcase， result --- PASS 
2019-11-27 10:59:28,670 - root - INFO - login success-passed take screenshot done，file path: login success-passed
2019-11-27 10:59:28,671 - root - INFO - ==========Run testcases done===========
2019-11-27 10:59:30,083 - root - INFO - ==========Finish testcases of the project===========
2019-11-27 11:04:15,460 - root - INFO - ==========Run testcases of whole project===========
2019-11-27 11:04:17,640 - root - INFO - ==========Start to run testcases===========
2019-11-27 11:04:17,641 - root - INFO - ----------------------------------------------------------------------------------<selenium.webdriver.firefox.webdriver.WebDriver (session="1a5a5d3c-fa71-fc41-94c3-2395ee29c658")>
2019-11-27 11:04:18,526 - root - INFO -  Run test_login_success testcase 
2019-11-27 11:04:18,526 - root - INFO -  run login testcase 
2019-11-27 11:04:18,527 - root - INFO - GUI login,web element:('xpath', '//*[@id="dijit_form_ValidationTextBox_0"]') value superuser
2019-11-27 11:04:18,566 - root - INFO - GUI login,waiting element:('xpath', '//*[@id="dijit_form_ValidationTextBox_0"]'):，cost time 0s 
2019-11-27 11:04:18,566 - root - INFO - GUI login,search web element:('xpath', '//*[@id="dijit_form_ValidationTextBox_0"]')
2019-11-27 11:04:18,598 - root - INFO - GUI login,waiting element:('xpath', '//*[@id="dijit_form_ValidationTextBox_0"]'):，cost time 0s 
2019-11-27 11:04:18,634 - root - INFO - GUI login,web element:('xpath', '//*[@id="dijit_form_ValidationTextBox_1"]') value passw0rd
2019-11-27 11:04:18,655 - root - INFO - GUI login,waiting element:('xpath', '//*[@id="dijit_form_ValidationTextBox_1"]'):，cost time 0s 
2019-11-27 11:04:18,655 - root - INFO - GUI login,search web element:('xpath', '//*[@id="dijit_form_ValidationTextBox_1"]')
2019-11-27 11:04:18,674 - root - INFO - GUI login,waiting element:('xpath', '//*[@id="dijit_form_ValidationTextBox_1"]'):，cost time 0s 
2019-11-27 11:04:18,727 - root - INFO - ,waiting element:('xpath', '//*[@id="dijit_form_Button_0"]'):，cost time 0s 
2019-11-27 11:04:18,727 - root - INFO - GUI login,click web element:('xpath', '//*[@id="dijit_form_Button_0"]')
2019-11-27 11:04:18,727 - root - INFO - GUI login,search web element:('xpath', '//*[@id="dijit_form_Button_0"]')
2019-11-27 11:04:18,745 - root - INFO - GUI login,waiting element:('xpath', '//*[@id="dijit_form_Button_0"]'):，cost time 0s 
2019-11-27 11:04:23,972 - root - INFO -  Test done test_login_success testcase， result --- PASS 
2019-11-27 11:04:24,146 - root - INFO - login success-passed take screenshot done，file path: login success-passed
2019-11-27 11:04:24,148 - root - INFO - ==========Run testcases done===========
2019-11-27 11:04:26,599 - root - INFO - ==========Finish testcases of the project===========
2019-11-27 11:04:39,807 - root - INFO - ==========Run testcases of whole project===========
2019-11-27 11:04:49,409 - root - INFO - ==========Run testcases of whole project===========
2019-11-27 11:04:51,674 - root - INFO - ==========Start to run testcases===========
2019-11-27 11:04:51,674 - root - INFO - ----------------------------------------------------------------------------------<selenium.webdriver.firefox.webdriver.WebDriver (session="735f6a86-bb5b-a848-a97c-211eac8a5c44")>
2019-11-27 11:04:52,692 - root - INFO -  Run test_login_success testcase 
2019-11-27 11:04:52,692 - root - INFO -  run login testcase 
2019-11-27 11:04:52,693 - root - INFO - GUI login,web element:('xpath', '//*[@id="dijit_form_ValidationTextBox_0"]') value superuser
2019-11-27 11:04:52,732 - root - INFO - GUI login,waiting element:('xpath', '//*[@id="dijit_form_ValidationTextBox_0"]'):，cost time 0s 
2019-11-27 11:04:52,732 - root - INFO - GUI login,search web element:('xpath', '//*[@id="dijit_form_ValidationTextBox_0"]')
2019-11-27 11:04:52,764 - root - INFO - GUI login,waiting element:('xpath', '//*[@id="dijit_form_ValidationTextBox_0"]'):，cost time 0s 
2019-11-27 11:04:52,798 - root - INFO - GUI login,web element:('xpath', '//*[@id="dijit_form_ValidationTextBox_1"]') value passw0rd
2019-11-27 11:04:52,821 - root - INFO - GUI login,waiting element:('xpath', '//*[@id="dijit_form_ValidationTextBox_1"]'):，cost time 0s 
2019-11-27 11:04:52,821 - root - INFO - GUI login,search web element:('xpath', '//*[@id="dijit_form_ValidationTextBox_1"]')
2019-11-27 11:04:52,839 - root - INFO - GUI login,waiting element:('xpath', '//*[@id="dijit_form_ValidationTextBox_1"]'):，cost time 0s 
2019-11-27 11:04:52,891 - root - INFO - ,waiting element:('xpath', '//*[@id="dijit_form_Button_0"]'):，cost time 0s 
2019-11-27 11:04:52,891 - root - INFO - GUI login,click web element:('xpath', '//*[@id="dijit_form_Button_0"]')
2019-11-27 11:04:52,892 - root - INFO - GUI login,search web element:('xpath', '//*[@id="dijit_form_Button_0"]')
2019-11-27 11:04:52,910 - root - INFO - GUI login,waiting element:('xpath', '//*[@id="dijit_form_Button_0"]'):，cost time 0s 
2019-11-27 11:05:00,807 - root - INFO -  Test done test_login_success testcase， result --- PASS 
2019-11-27 11:05:00,932 - root - INFO - login success-passed take screenshot done，file path: login success-passed
2019-11-27 11:05:00,933 - root - INFO - ==========Run testcases done===========
2019-11-27 11:05:03,390 - root - INFO - ==========Finish testcases of the project===========
